app/build/intermediates/manifest_merge_blame_file/debug/manifest-merger-blame-debug-report.txt
1<?xml version="1.0" encoding="utf-8"?>
2<!--
3 Copyright (C) 2007 The Android Open Source Project
4
5     Licensed under the Apache License, Version 2.0 (the "License");
6     you may not use this file except in compliance with the License.
7     You may obtain a copy of the License at
8
9          http://www.apache.org/licenses/LICENSE-2.0
10
11     Unless required by applicable law or agreed to in writing, software
12     distributed under the License is distributed on an "AS IS" BASIS,
13     WITHOUT WARRANTIES OR CONDITIONS OF ANY KIND, either express or implied.
14     See the License for the specific language governing permissions and
15     limitations under the License.
16-->
17<!--
18 Declare the contents of this Android application.  The namespace
19     attribute brings in the Android platform namespace, and the package
20     supplies a unique name for the application.  When writing your
21     own application, the package name must be changed from "com.example.*"
22     to come from a domain that you own or have control over.
23-->
24<manifest xmlns:android="http://schemas.android.com/apk/res/android"
25    package="com.example.android.apis"
26    android:installLocation="auto" >
27
28    <uses-sdk
29        android:minSdkVersion="24"
29-->src/main/AndroidManifest.xml
30        android:targetSdkVersion="29" />
30-->src/main/AndroidManifest.xml
31
32    <uses-permission android:name="android.permission.READ_CONTACTS" />
32-->src/main/AndroidManifest.xml:26:5-72
32-->src/main/AndroidManifest.xml:26:22-69
33    <uses-permission android:name="android.permission.WRITE_CONTACTS" />
33-->src/main/AndroidManifest.xml:27:5-73
33-->src/main/AndroidManifest.xml:27:22-70
34    <uses-permission android:name="android.permission.VIBRATE" />
34-->src/main/AndroidManifest.xml:28:5-66
34-->src/main/AndroidManifest.xml:28:22-63
35    <uses-permission android:name="android.permission.ACCESS_COARSE_LOCATION" />
35-->src/main/AndroidManifest.xml:29:5-81
35-->src/main/AndroidManifest.xml:29:22-78
36    <uses-permission android:name="android.permission.INTERNET" />
36-->src/main/AndroidManifest.xml:30:5-67
36-->src/main/AndroidManifest.xml:30:22-64
37    <uses-permission android:name="android.permission.SET_WALLPAPER" />
37-->src/main/AndroidManifest.xml:31:5-72
37-->src/main/AndroidManifest.xml:31:22-69
38    <uses-permission android:name="android.permission.WRITE_EXTERNAL_STORAGE" />
38-->src/main/AndroidManifest.xml:32:5-81
38-->src/main/AndroidManifest.xml:32:22-78
39    <uses-permission android:name="android.permission.SEND_SMS" />
39-->src/main/AndroidManifest.xml:33:5-67
39-->src/main/AndroidManifest.xml:33:22-64
40    <uses-permission android:name="android.permission.RECEIVE_SMS" />
40-->src/main/AndroidManifest.xml:34:5-70
40-->src/main/AndroidManifest.xml:34:22-67
41    <uses-permission android:name="android.permission.RECEIVE_MMS" />
41-->src/main/AndroidManifest.xml:35:5-69
41-->src/main/AndroidManifest.xml:35:22-67
42    <uses-permission android:name="android.permission.WRITE_SMS" />
42-->src/main/AndroidManifest.xml:36:5-67
42-->src/main/AndroidManifest.xml:36:22-65
43    <uses-permission android:name="android.permission.READ_SMS" />
43-->src/main/AndroidManifest.xml:37:5-66
43-->src/main/AndroidManifest.xml:37:22-64
44    <uses-permission android:name="android.permission.NFC" />
44-->src/main/AndroidManifest.xml:38:5-62
44-->src/main/AndroidManifest.xml:38:22-59
45    <uses-permission android:name="android.permission.TRANSMIT_IR" />
45-->src/main/AndroidManifest.xml:39:5-70
45-->src/main/AndroidManifest.xml:39:22-67
46    <uses-permission android:name="android.permission.READ_PHONE_STATE" />
46-->src/main/AndroidManifest.xml:40:5-74
46-->src/main/AndroidManifest.xml:40:22-72
47    <uses-permission android:name="android.permission.WAKE_LOCK" />
47-->src/main/AndroidManifest.xml:41:5-67
47-->src/main/AndroidManifest.xml:41:22-65
48    <uses-permission android:name="android.permission.FOREGROUND_SERVICE" />
48-->src/main/AndroidManifest.xml:42:5-76
48-->src/main/AndroidManifest.xml:42:22-74
49    <uses-permission android:name="android.permission.REQUEST_INSTALL_PACKAGES" />
49-->src/main/AndroidManifest.xml:43:5-82
49-->src/main/AndroidManifest.xml:43:22-80
50    <uses-permission android:name="android.permission.REQUEST_DELETE_PACKAGES" />
50-->src/main/AndroidManifest.xml:44:5-81
50-->src/main/AndroidManifest.xml:44:22-79
51    <!-- Required for drawing overlay windows (TYPE_SYSTEM_ALERT, TYPE_APPLICATION_OVERLAY) -->
52    <uses-permission android:name="android.permission.SYSTEM_ALERT_WINDOW" />
52-->src/main/AndroidManifest.xml:46:5-77
52-->src/main/AndroidManifest.xml:46:22-75
53
54    <!-- For android.media.audiofx.Visualizer -->
55    <uses-permission android:name="android.permission.RECORD_AUDIO" />
55-->src/main/AndroidManifest.xml:49:5-71
55-->src/main/AndroidManifest.xml:49:22-68
56
57    <!--
58         We will request access to the camera, saying we require a camera
59         of some sort but not one with autofocus capability.
60    -->
61    <uses-permission android:name="android.permission.CAMERA" />
61-->src/main/AndroidManifest.xml:53:5-65
61-->src/main/AndroidManifest.xml:53:22-62
62
63    <uses-feature android:name="android.hardware.camera" />
63-->src/main/AndroidManifest.xml:54:5-60
63-->src/main/AndroidManifest.xml:54:19-57
64    <uses-feature
64-->src/main/AndroidManifest.xml:55:5-95
65        android:name="android.hardware.camera.autofocus"
65-->src/main/AndroidManifest.xml:55:19-67
66        android:required="false" />
66-->src/main/AndroidManifest.xml:55:68-92
67
68    <instrumentation
68-->src/main/AndroidManifest.xml:3273:5-3275:40
69        android:name=".app.LocalSampleInstrumentation"
69-->src/main/AndroidManifest.xml:3273:22-68
70        android:label="Local Sample"
70-->src/main/AndroidManifest.xml:3275:9-37
71        android:targetPackage="com.example.android.apis" />
71-->src/main/AndroidManifest.xml:3274:9-57
72
73    <application
73-->src/main/AndroidManifest.xml:58:5-3271:19
74        android:name="com.example.android.apis.ApiDemosApplication"
74-->src/main/AndroidManifest.xml:58:18-52
75        android:appComponentFactory="androidx.core.app.CoreComponentFactory"
75-->[androidx.core:core:1.1.0] AndroidManifest.xml:24:18-86
76        android:debuggable="true"
77        android:hardwareAccelerated="true"
77-->src/main/AndroidManifest.xml:61:13-47
78        android:icon="@drawable/app_sample_code"
78-->src/main/AndroidManifest.xml:60:13-53
79        android:label="@string/activity_sample_code"
79-->src/main/AndroidManifest.xml:59:13-57
80        android:supportsRtl="true"
80-->src/main/AndroidManifest.xml:62:13-39
81        android:testOnly="true"
82        android:theme="@android:style/Theme.Material.Light.DarkActionBar" >
82-->src/main/AndroidManifest.xml:63:13-78
83
84        <!--
85             This is how we can request a library but still allow the app
86             to be installed if it doesn't exist.
87        -->
88        <uses-library
88-->src/main/AndroidManifest.xml:67:9-94
89            android:name="com.example.will.never.exist"
89-->src/main/AndroidManifest.xml:67:23-66
90            android:required="false" />
90-->src/main/AndroidManifest.xml:67:67-91
91
92        <activity android:name="com.example.android.apis.ApiDemos" >
92-->src/main/AndroidManifest.xml:69:9-75:20
92-->src/main/AndroidManifest.xml:69:19-42
93            <intent-filter>
93-->src/main/AndroidManifest.xml:70:13-74:29
94                <action android:name="android.intent.action.MAIN" />
94-->src/main/AndroidManifest.xml:71:17-69
94-->src/main/AndroidManifest.xml:71:25-66
95
96                <category android:name="android.intent.category.DEFAULT" />
96-->src/main/AndroidManifest.xml:72:17-76
96-->src/main/AndroidManifest.xml:72:27-73
97                <category android:name="android.intent.category.LAUNCHER" />
97-->src/main/AndroidManifest.xml:73:17-77
97-->src/main/AndroidManifest.xml:73:27-74
98            </intent-filter>
99        </activity>
100
101        <!-- ************************************* -->
102        <!-- APPLICATION PACKAGE SAMPLES -->
103        <!-- ************************************* -->
104
105
106        <!-- Activity Samples -->
107
108        <activity
108-->src/main/AndroidManifest.xml:83:9-88:20
109            android:name="com.example.android.apis.app.HelloWorld"
109-->src/main/AndroidManifest.xml:83:19-49
110            android:label="@string/activity_hello_world" >
110-->src/main/AndroidManifest.xml:83:50-94
111            <intent-filter>
111-->src/main/AndroidManifest.xml:84:13-87:29
112                <action android:name="android.intent.action.MAIN" />
112-->src/main/AndroidManifest.xml:71:17-69
112-->src/main/AndroidManifest.xml:71:25-66
113
114                <category android:name="android.intent.category.SAMPLE_CODE" />
114-->src/main/AndroidManifest.xml:86:17-80
114-->src/main/AndroidManifest.xml:86:27-77
115            </intent-filter>
116        </activity>
117        <activity
117-->src/main/AndroidManifest.xml:90:9-97:20
118            android:name="com.example.android.apis.app.DialogActivity"
118-->src/main/AndroidManifest.xml:90:19-53
119            android:label="@string/activity_dialog"
119-->src/main/AndroidManifest.xml:91:17-56
120            android:theme="@style/ThemeCurrentDialog" >
120-->src/main/AndroidManifest.xml:92:17-58
121            <intent-filter>
121-->src/main/AndroidManifest.xml:84:13-87:29
122                <action android:name="android.intent.action.MAIN" />
122-->src/main/AndroidManifest.xml:71:17-69
122-->src/main/AndroidManifest.xml:71:25-66
123
124                <category android:name="android.intent.category.SAMPLE_CODE" />
124-->src/main/AndroidManifest.xml:86:17-80
124-->src/main/AndroidManifest.xml:86:27-77
125            </intent-filter>
126        </activity>
127        <activity
127-->src/main/AndroidManifest.xml:99:9-106:20
128            android:name="com.example.android.apis.app.CustomDialogActivity"
128-->src/main/AndroidManifest.xml:99:19-59
129            android:label="@string/activity_custom_dialog"
129-->src/main/AndroidManifest.xml:100:17-63
130            android:theme="@style/Theme.CustomDialog" >
130-->src/main/AndroidManifest.xml:101:17-58
131            <intent-filter>
131-->src/main/AndroidManifest.xml:84:13-87:29
132                <action android:name="android.intent.action.MAIN" />
132-->src/main/AndroidManifest.xml:71:17-69
132-->src/main/AndroidManifest.xml:71:25-66
133
134                <category android:name="android.intent.category.SAMPLE_CODE" />
134-->src/main/AndroidManifest.xml:86:17-80
134-->src/main/AndroidManifest.xml:86:27-77
135            </intent-filter>
136        </activity>
137        <activity
137-->src/main/AndroidManifest.xml:108:9-116:20
138            android:name="com.example.android.apis.app.OverscanActivity"
138-->src/main/AndroidManifest.xml:108:19-55
139            android:enabled="@bool/atLeastJellyBeanMR2"
139-->src/main/AndroidManifest.xml:111:17-60
140            android:label="@string/activity_overscan"
140-->src/main/AndroidManifest.xml:109:17-58
141            android:theme="@android:style/Theme.Holo.NoActionBar.Overscan" >
141-->src/main/AndroidManifest.xml:110:17-79
142            <intent-filter>
142-->src/main/AndroidManifest.xml:84:13-87:29
143                <action android:name="android.intent.action.MAIN" />
143-->src/main/AndroidManifest.xml:71:17-69
143-->src/main/AndroidManifest.xml:71:25-66
144
145                <category android:name="android.intent.category.SAMPLE_CODE" />
145-->src/main/AndroidManifest.xml:86:17-80
145-->src/main/AndroidManifest.xml:86:27-77
146            </intent-filter>
147        </activity>
148        <activity
148-->src/main/AndroidManifest.xml:118:8-124:20
149            android:name="com.example.android.apis.app.QuickContactsDemo"
149-->src/main/AndroidManifest.xml:118:18-55
150            android:label="@string/quick_contacts_demo" >
150-->src/main/AndroidManifest.xml:119:17-60
151            <intent-filter>
151-->src/main/AndroidManifest.xml:84:13-87:29
152                <action android:name="android.intent.action.MAIN" />
152-->src/main/AndroidManifest.xml:71:17-69
152-->src/main/AndroidManifest.xml:71:25-66
153
154                <category android:name="android.intent.category.SAMPLE_CODE" />
154-->src/main/AndroidManifest.xml:86:17-80
154-->src/main/AndroidManifest.xml:86:27-77
155            </intent-filter>
156        </activity>
157        <activity
157-->src/main/AndroidManifest.xml:126:9-133:20
158            android:name="com.example.android.apis.app.WallpaperActivity"
158-->src/main/AndroidManifest.xml:126:19-56
159            android:label="@string/activity_wallpaper"
159-->src/main/AndroidManifest.xml:127:17-59
160            android:theme="@style/Theme.Wallpaper" >
160-->src/main/AndroidManifest.xml:128:17-55
161            <intent-filter>
161-->src/main/AndroidManifest.xml:84:13-87:29
162                <action android:name="android.intent.action.MAIN" />
162-->src/main/AndroidManifest.xml:71:17-69
162-->src/main/AndroidManifest.xml:71:25-66
163
164                <category android:name="android.intent.category.SAMPLE_CODE" />
164-->src/main/AndroidManifest.xml:86:17-80
164-->src/main/AndroidManifest.xml:86:27-77
165            </intent-filter>
166        </activity>
167        <activity
167-->src/main/AndroidManifest.xml:135:9-142:20
168            android:name="com.example.android.apis.app.TranslucentActivity"
168-->src/main/AndroidManifest.xml:135:19-58
169            android:label="@string/activity_translucent"
169-->src/main/AndroidManifest.xml:136:17-61
170            android:theme="@style/Theme.Translucent" >
170-->src/main/AndroidManifest.xml:137:17-57
171            <intent-filter>
171-->src/main/AndroidManifest.xml:84:13-87:29
172                <action android:name="android.intent.action.MAIN" />
172-->src/main/AndroidManifest.xml:71:17-69
172-->src/main/AndroidManifest.xml:71:25-66
173
174                <category android:name="android.intent.category.SAMPLE_CODE" />
174-->src/main/AndroidManifest.xml:86:17-80
174-->src/main/AndroidManifest.xml:86:27-77
175            </intent-filter>
176        </activity>
177        <activity
177-->src/main/AndroidManifest.xml:144:9-151:20
178            android:name="com.example.android.apis.app.TranslucentBlurActivity"
178-->src/main/AndroidManifest.xml:144:19-62
179            android:label="@string/activity_translucent_blur"
179-->src/main/AndroidManifest.xml:145:17-66
180            android:theme="@style/Theme.Transparent" >
180-->src/main/AndroidManifest.xml:146:17-57
181            <intent-filter>
181-->src/main/AndroidManifest.xml:84:13-87:29
182                <action android:name="android.intent.action.MAIN" />
182-->src/main/AndroidManifest.xml:71:17-69
182-->src/main/AndroidManifest.xml:71:25-66
183
184                <category android:name="android.intent.category.SAMPLE_CODE" />
184-->src/main/AndroidManifest.xml:86:17-80
184-->src/main/AndroidManifest.xml:86:27-77
185            </intent-filter>
186        </activity>
187        <activity
187-->src/main/AndroidManifest.xml:153:9-158:20
188            android:name="com.example.android.apis.app.Animation"
188-->src/main/AndroidManifest.xml:153:19-48
189            android:label="@string/activity_animation" >
189-->src/main/AndroidManifest.xml:153:49-91
190            <intent-filter>
190-->src/main/AndroidManifest.xml:84:13-87:29
191                <action android:name="android.intent.action.MAIN" />
191-->src/main/AndroidManifest.xml:71:17-69
191-->src/main/AndroidManifest.xml:71:25-66
192
193                <category android:name="android.intent.category.SAMPLE_CODE" />
193-->src/main/AndroidManifest.xml:86:17-80
193-->src/main/AndroidManifest.xml:86:27-77
194            </intent-filter>
195        </activity>
196        <activity
196-->src/main/AndroidManifest.xml:160:9-167:20
197            android:name="com.example.android.apis.app.SaveRestoreState"
197-->src/main/AndroidManifest.xml:160:19-55
198            android:label="@string/activity_save_restore"
198-->src/main/AndroidManifest.xml:161:17-62
199            android:windowSoftInputMode="stateVisible|adjustResize" >
199-->src/main/AndroidManifest.xml:162:17-72
200            <intent-filter>
200-->src/main/AndroidManifest.xml:84:13-87:29
201                <action android:name="android.intent.action.MAIN" />
201-->src/main/AndroidManifest.xml:71:17-69
201-->src/main/AndroidManifest.xml:71:25-66
202
203                <category android:name="android.intent.category.SAMPLE_CODE" />
203-->src/main/AndroidManifest.xml:86:17-80
203-->src/main/AndroidManifest.xml:86:27-77
204            </intent-filter>
205        </activity>
206        <activity
206-->src/main/AndroidManifest.xml:169:9-176:20
207            android:name="com.example.android.apis.app.PersistentState"
207-->src/main/AndroidManifest.xml:169:19-54
208            android:label="@string/activity_persistent"
208-->src/main/AndroidManifest.xml:170:17-60
209            android:windowSoftInputMode="stateVisible|adjustResize" >
209-->src/main/AndroidManifest.xml:171:17-72
210            <intent-filter>
210-->src/main/AndroidManifest.xml:84:13-87:29
211                <action android:name="android.intent.action.MAIN" />
211-->src/main/AndroidManifest.xml:71:17-69
211-->src/main/AndroidManifest.xml:71:25-66
212
213                <category android:name="android.intent.category.SAMPLE_CODE" />
213-->src/main/AndroidManifest.xml:86:17-80
213-->src/main/AndroidManifest.xml:86:27-77
214            </intent-filter>
215        </activity>
216        <activity
216-->src/main/AndroidManifest.xml:178:9-185:20
217            android:name="com.example.android.apis.app.ActivityRecreate"
217-->src/main/AndroidManifest.xml:178:19-55
218            android:enabled="@bool/atLeastHoneycomb"
218-->src/main/AndroidManifest.xml:180:17-57
219            android:label="@string/activity_recreate" >
219-->src/main/AndroidManifest.xml:179:17-58
220            <intent-filter>
220-->src/main/AndroidManifest.xml:84:13-87:29
221                <action android:name="android.intent.action.MAIN" />
221-->src/main/AndroidManifest.xml:71:17-69
221-->src/main/AndroidManifest.xml:71:25-66
222
223                <category android:name="android.intent.category.SAMPLE_CODE" />
223-->src/main/AndroidManifest.xml:86:17-80
223-->src/main/AndroidManifest.xml:86:27-77
224            </intent-filter>
225        </activity>
226        <activity
226-->src/main/AndroidManifest.xml:187:9-195:20
227            android:name="com.example.android.apis.app.FinishAffinity"
227-->src/main/AndroidManifest.xml:187:19-53
228            android:enabled="@bool/atLeastJellyBean"
228-->src/main/AndroidManifest.xml:190:17-57
229            android:label="@string/activity_finish_affinity"
229-->src/main/AndroidManifest.xml:188:17-65
230            android:taskAffinity=":finishing" >
230-->src/main/AndroidManifest.xml:189:17-50
231            <intent-filter>
231-->src/main/AndroidManifest.xml:84:13-87:29
232                <action android:name="android.intent.action.MAIN" />
232-->src/main/AndroidManifest.xml:71:17-69
232-->src/main/AndroidManifest.xml:71:25-66
233
234                <category android:name="android.intent.category.SAMPLE_CODE" />
234-->src/main/AndroidManifest.xml:86:17-80
234-->src/main/AndroidManifest.xml:86:27-77
235            </intent-filter>
236        </activity>
237        <activity
237-->src/main/AndroidManifest.xml:197:9-203:20
238            android:name="com.example.android.apis.app.SoftInputModes"
238-->src/main/AndroidManifest.xml:197:19-53
239            android:label="@string/soft_input_modes" >
239-->src/main/AndroidManifest.xml:198:17-57
240            <intent-filter>
240-->src/main/AndroidManifest.xml:84:13-87:29
241                <action android:name="android.intent.action.MAIN" />
241-->src/main/AndroidManifest.xml:71:17-69
241-->src/main/AndroidManifest.xml:71:25-66
242
243                <category android:name="android.intent.category.SAMPLE_CODE" />
243-->src/main/AndroidManifest.xml:86:17-80
243-->src/main/AndroidManifest.xml:86:27-77
244            </intent-filter>
245        </activity>
246        <activity
246-->src/main/AndroidManifest.xml:205:9-210:20
247            android:name="com.example.android.apis.app.ReceiveResult"
247-->src/main/AndroidManifest.xml:205:19-52
248            android:label="@string/activity_receive_result" >
248-->src/main/AndroidManifest.xml:205:53-100
249            <intent-filter>
249-->src/main/AndroidManifest.xml:84:13-87:29
250                <action android:name="android.intent.action.MAIN" />
250-->src/main/AndroidManifest.xml:71:17-69
250-->src/main/AndroidManifest.xml:71:25-66
251
252                <category android:name="android.intent.category.SAMPLE_CODE" />
252-->src/main/AndroidManifest.xml:86:17-80
252-->src/main/AndroidManifest.xml:86:27-77
253            </intent-filter>
254        </activity>
255        <activity
255-->src/main/AndroidManifest.xml:212:9-214:20
256            android:name="com.example.android.apis.app.SendResult"
256-->src/main/AndroidManifest.xml:212:19-49
257            android:theme="@style/ThemeDialogWhenLarge" >
257-->src/main/AndroidManifest.xml:213:17-60
258        </activity>
259        <activity
259-->src/main/AndroidManifest.xml:216:9-221:20
260            android:name="com.example.android.apis.app.Forwarding"
260-->src/main/AndroidManifest.xml:216:19-49
261            android:label="@string/activity_forwarding" >
261-->src/main/AndroidManifest.xml:216:50-93
262            <intent-filter>
262-->src/main/AndroidManifest.xml:84:13-87:29
263                <action android:name="android.intent.action.MAIN" />
263-->src/main/AndroidManifest.xml:71:17-69
263-->src/main/AndroidManifest.xml:71:25-66
264
265                <category android:name="android.intent.category.SAMPLE_CODE" />
265-->src/main/AndroidManifest.xml:86:17-80
265-->src/main/AndroidManifest.xml:86:27-77
266            </intent-filter>
267        </activity>
268        <activity android:name="com.example.android.apis.app.ForwardTarget" >
268-->src/main/AndroidManifest.xml:223:9-224:20
268-->src/main/AndroidManifest.xml:223:19-52
269        </activity>
270        <activity
270-->src/main/AndroidManifest.xml:226:9-231:20
271            android:name="com.example.android.apis.app.RedirectEnter"
271-->src/main/AndroidManifest.xml:226:19-52
272            android:label="@string/activity_redirect" >
272-->src/main/AndroidManifest.xml:226:53-94
273            <intent-filter>
273-->src/main/AndroidManifest.xml:84:13-87:29
274                <action android:name="android.intent.action.MAIN" />
274-->src/main/AndroidManifest.xml:71:17-69
274-->src/main/AndroidManifest.xml:71:25-66
275
276                <category android:name="android.intent.category.SAMPLE_CODE" />
276-->src/main/AndroidManifest.xml:86:17-80
276-->src/main/AndroidManifest.xml:86:27-77
277            </intent-filter>
278        </activity>
279        <activity android:name="com.example.android.apis.app.RedirectMain" >
279-->src/main/AndroidManifest.xml:233:9-234:20
279-->src/main/AndroidManifest.xml:233:19-51
280        </activity>
281        <activity android:name="com.example.android.apis.app.RedirectGetter" >
281-->src/main/AndroidManifest.xml:236:9-237:20
281-->src/main/AndroidManifest.xml:236:19-53
282        </activity>
283
284        <!--
285             This sample doesn't work with the new action bar, so use
286             the old style theme.
287        -->
288        <activity
288-->src/main/AndroidManifest.xml:241:9-249:20
289            android:name="com.example.android.apis.app.CustomTitle"
289-->src/main/AndroidManifest.xml:241:19-50
290            android:label="@string/activity_custom_title"
290-->src/main/AndroidManifest.xml:242:17-62
291            android:theme="@android:style/Theme"
291-->src/main/AndroidManifest.xml:244:17-53
292            android:windowSoftInputMode="stateVisible|adjustPan" >
292-->src/main/AndroidManifest.xml:243:17-69
293            <intent-filter>
293-->src/main/AndroidManifest.xml:84:13-87:29
294                <action android:name="android.intent.action.MAIN" />
294-->src/main/AndroidManifest.xml:71:17-69
294-->src/main/AndroidManifest.xml:71:25-66
295
296                <category android:name="android.intent.category.SAMPLE_CODE" />
296-->src/main/AndroidManifest.xml:86:17-80
296-->src/main/AndroidManifest.xml:86:27-77
297            </intent-filter>
298        </activity>
299        <activity
299-->src/main/AndroidManifest.xml:251:9-257:20
300            android:name="com.example.android.apis.app.ReorderOnLaunch"
300-->src/main/AndroidManifest.xml:251:19-54
301            android:label="@string/activity_reorder" >
301-->src/main/AndroidManifest.xml:252:17-57
302            <intent-filter>
302-->src/main/AndroidManifest.xml:84:13-87:29
303                <action android:name="android.intent.action.MAIN" />
303-->src/main/AndroidManifest.xml:71:17-69
303-->src/main/AndroidManifest.xml:71:25-66
304
305                <category android:name="android.intent.category.SAMPLE_CODE" />
305-->src/main/AndroidManifest.xml:86:17-80
305-->src/main/AndroidManifest.xml:86:27-77
306            </intent-filter>
307        </activity>
308        <activity
308-->src/main/AndroidManifest.xml:259:9-266:20
309            android:name="com.example.android.apis.app.RotationAnimation"
309-->src/main/AndroidManifest.xml:259:19-56
310            android:label="@string/activity_rotation_animation"
310-->src/main/AndroidManifest.xml:260:17-68
311            android:rotationAnimation="crossfade" >
311-->src/main/AndroidManifest.xml:261:17-54
312            <intent-filter>
312-->src/main/AndroidManifest.xml:84:13-87:29
313                <action android:name="android.intent.action.MAIN" />
313-->src/main/AndroidManifest.xml:71:17-69
313-->src/main/AndroidManifest.xml:71:25-66
314
315                <category android:name="android.intent.category.SAMPLE_CODE" />
315-->src/main/AndroidManifest.xml:86:17-80
315-->src/main/AndroidManifest.xml:86:27-77
316            </intent-filter>
317        </activity>
318        <activity android:name="com.example.android.apis.app.ReorderTwo" />
318-->src/main/AndroidManifest.xml:268:9-52
318-->src/main/AndroidManifest.xml:268:19-49
319        <activity android:name="com.example.android.apis.app.ReorderThree" />
319-->src/main/AndroidManifest.xml:269:9-54
319-->src/main/AndroidManifest.xml:269:19-51
320        <activity android:name="com.example.android.apis.app.ReorderFour" />
320-->src/main/AndroidManifest.xml:270:9-53
320-->src/main/AndroidManifest.xml:270:19-50
321        <activity
321-->src/main/AndroidManifest.xml:272:9-278:20
322            android:name="com.example.android.apis.app.SetWallpaperActivity"
322-->src/main/AndroidManifest.xml:272:19-59
323            android:label="@string/activity_setwallpaper" >
323-->src/main/AndroidManifest.xml:273:19-64
324            <intent-filter>
324-->src/main/AndroidManifest.xml:84:13-87:29
325                <action android:name="android.intent.action.MAIN" />
325-->src/main/AndroidManifest.xml:71:17-69
325-->src/main/AndroidManifest.xml:71:25-66
326
327                <category android:name="android.intent.category.SAMPLE_CODE" />
327-->src/main/AndroidManifest.xml:86:17-80
327-->src/main/AndroidManifest.xml:86:27-77
328            </intent-filter>
329        </activity>
330        <activity
330-->src/main/AndroidManifest.xml:280:9-286:20
331            android:name="com.example.android.apis.app.ScreenOrientation"
331-->src/main/AndroidManifest.xml:280:19-56
332            android:label="@string/activity_screen_orientation" >
332-->src/main/AndroidManifest.xml:281:19-70
333            <intent-filter>
333-->src/main/AndroidManifest.xml:84:13-87:29
334                <action android:name="android.intent.action.MAIN" />
334-->src/main/AndroidManifest.xml:71:17-69
334-->src/main/AndroidManifest.xml:71:25-66
335
336                <category android:name="android.intent.category.SAMPLE_CODE" />
336-->src/main/AndroidManifest.xml:86:17-80
336-->src/main/AndroidManifest.xml:86:27-77
337            </intent-filter>
338        </activity>
339        <activity
339-->src/main/AndroidManifest.xml:288:9-298:20
340            android:name="com.example.android.apis.app.PictureInPicture"
340-->src/main/AndroidManifest.xml:288:19-55
341            android:configChanges="screenSize|smallestScreenSize|screenLayout|orientation"
341-->src/main/AndroidManifest.xml:292:19-118
342            android:label="@string/activity_picture_in_picture"
342-->src/main/AndroidManifest.xml:289:19-70
343            android:resizeableActivity="true"
343-->src/main/AndroidManifest.xml:290:19-52
344            android:supportsPictureInPicture="true" >
344-->src/main/AndroidManifest.xml:291:19-58
345            <intent-filter>
345-->src/main/AndroidManifest.xml:84:13-87:29
346                <action android:name="android.intent.action.MAIN" />
346-->src/main/AndroidManifest.xml:71:17-69
346-->src/main/AndroidManifest.xml:71:25-66
347
348                <category android:name="android.intent.category.SAMPLE_CODE" />
348-->src/main/AndroidManifest.xml:86:17-80
348-->src/main/AndroidManifest.xml:86:27-77
349            </intent-filter>
350        </activity>
351        <activity
351-->src/main/AndroidManifest.xml:300:9-309:20
352            android:name="com.example.android.apis.app.MaxAspectRatio$Square"
352-->src/main/AndroidManifest.xml:300:19-60
353            android:label="@string/activity_max_aspect_ratio_square"
353-->src/main/AndroidManifest.xml:301:19-75
354            android:maxAspectRatio="1"
354-->src/main/AndroidManifest.xml:304:19-45
355            android:resizeableActivity="false"
355-->src/main/AndroidManifest.xml:302:19-53
356            android:theme="@android:style/Theme.DeviceDefault.Settings" >
356-->src/main/AndroidManifest.xml:303:19-78
357            <intent-filter>
357-->src/main/AndroidManifest.xml:84:13-87:29